<?xml version="1.0" encoding="UTF-8"?>
<!-- Generated by org.testng.reporters.JUnitReportReporter -->
<testsuite hostname="prakash-PC" name="org.testNG.MyProject3" tests="1" failures="0" timestamp="24 Sep 2022 02:02:07 GMT" time="63.227" errors="0">
  <testcase name="order" time="63.227" classname="org.testNG.MyProject3"/>
</testsuite> <!-- org.testNG.MyProject3 -->
