<?xml version="1.0" encoding="UTF-8"?>
<!-- Generated by org.testng.reporters.JUnitReportReporter -->
<testsuite hostname="prakash-PC" name="org.testNG.MyProject4" tests="1" failures="0" timestamp="23 Sep 2022 03:52:38 GMT" time="40.528" errors="0">
  <testcase name="favorites" time="40.528" classname="org.testNG.MyProject4"/>
</testsuite> <!-- org.testNG.MyProject4 -->
