<?xml version="1.0" encoding="UTF-8"?>
<!-- Generated by org.testng.reporters.JUnitReportReporter -->
<testsuite hostname="prakash-PC" name="org.testNG.MyProject2" tests="7" failures="0" timestamp="23 Sep 2022 03:52:38 GMT" time="58.800" errors="0">
  <testcase name="tc4wedding" time="7.137" classname="org.testNG.MyProject2"/>
  <testcase name="tc5toysandent" time="9.917" classname="org.testNG.MyProject2"/>
  <testcase name="tc1jewellery" time="7.280" classname="org.testNG.MyProject2"/>
  <testcase name="tc3home" time="2.363" classname="org.testNG.MyProject2"/>
  <testcase name="tc2clothing" time="10.624" classname="org.testNG.MyProject2"/>
  <testcase name="tc7gifts" time="14.114" classname="org.testNG.MyProject2"/>
  <testcase name="tc6art" time="7.365" classname="org.testNG.MyProject2"/>
</testsuite> <!-- org.testNG.MyProject2 -->
