<?xml version="1.0" encoding="UTF-8"?>
<!-- Generated by org.testng.reporters.JUnitReportReporter -->
<testsuite hostname="prakash-PC" name="org.testNG.MyProject4" tests="1" failures="0" timestamp="24 Sep 2022 02:19:02 GMT" time="51.482" errors="0">
  <testcase name="favorites" time="51.482" classname="org.testNG.MyProject4"/>
</testsuite> <!-- org.testNG.MyProject4 -->
