<?xml version="1.0" encoding="UTF-8"?>
<!-- Generated by org.testng.reporters.JUnitReportReporter -->
<testsuite hostname="prakash-PC" name="org.testNG.MyProject3" tests="1" failures="0" timestamp="23 Sep 2022 03:52:38 GMT" time="24.170" errors="0">
  <testcase name="order" time="24.170" classname="org.testNG.MyProject3"/>
</testsuite> <!-- org.testNG.MyProject3 -->
