<?xml version="1.0" encoding="UTF-8"?>
<!-- Generated by org.testng.reporters.JUnitReportReporter -->
<testsuite hostname="prakash-PC" name="org.testNG.ProductAddToBasket" tests="1" failures="0" timestamp="24 Sep 2022 03:07:36 GMT" time="27.116" errors="0">
  <testcase name="order" time="27.116" classname="org.testNG.ProductAddToBasket"/>
</testsuite> <!-- org.testNG.ProductAddToBasket -->
