<?xml version="1.0" encoding="UTF-8"?>
<!-- Generated by org.testng.reporters.JUnitReportReporter -->
<testsuite hostname="prakash-PC" name="org.testNG.SignIn" tests="4" failures="0" timestamp="23 Sep 2022 21:47:47 GMT" time="68.960" errors="0">
  <testcase name="invldloginn" time="15.824" classname="org.testNG.SignIn"/>
  <testcase name="invldlogins" time="11.070" classname="org.testNG.SignIn"/>
  <testcase name="invldlogins" time="20.822" classname="org.testNG.SignIn"/>
  <testcase name="invldlogin" time="21.244" classname="org.testNG.SignIn"/>
</testsuite> <!-- org.testNG.SignIn -->
