<?xml version="1.0" encoding="UTF-8"?>
<!-- Generated by org.testng.reporters.JUnitReportReporter -->
<testsuite hostname="prakash-PC" name="org.testNG.MyProject5" tests="2" failures="0" timestamp="23 Sep 2022 03:52:38 GMT" time="33.992" errors="0">
  <testcase name="tc2" time="19.616" classname="org.testNG.MyProject5"/>
  <testcase name="tc1" time="14.376" classname="org.testNG.MyProject5"/>
</testsuite> <!-- org.testNG.MyProject5 -->
