<?xml version="1.0" encoding="UTF-8"?>
<!-- Generated by org.testng.reporters.JUnitReportReporter -->
<testsuite hostname="prakash-PC" name="org.testNG.SignIn" tests="4" failures="0" timestamp="24 Sep 2022 03:07:36 GMT" time="57.247" errors="0">
  <testcase name="invldlogin" time="12.863" classname="org.testNG.SignIn"/>
  <testcase name="invldlogins" time="18.781" classname="org.testNG.SignIn"/>
  <testcase name="invldlogins" time="11.135" classname="org.testNG.SignIn"/>
  <testcase name="invldloginn" time="14.468" classname="org.testNG.SignIn"/>
</testsuite> <!-- org.testNG.SignIn -->
