<?xml version="1.0" encoding="UTF-8"?>
<!-- Generated by org.testng.reporters.JUnitReportReporter -->
<testsuite hostname="prakash-PC" name="org.testNG.MyProject1" tests="4" failures="0" timestamp="23 Sep 2022 03:52:38 GMT" time="64.716" errors="0">
  <testcase name="invldlogin" time="8.210" classname="org.testNG.MyProject1"/>
  <testcase name="invldloginn" time="18.550" classname="org.testNG.MyProject1"/>
  <testcase name="invldlogins" time="7.998" classname="org.testNG.MyProject1"/>
  <testcase name="invldlogins" time="29.958" classname="org.testNG.MyProject1"/>
</testsuite> <!-- org.testNG.MyProject1 -->
