<?xml version="1.0" encoding="UTF-8"?>
<!-- Generated by org.testng.reporters.JUnitReportReporter -->
<testsuite hostname="prakash-PC" name="org.testNG.FooterTesting" tests="2" failures="0" timestamp="24 Sep 2022 03:07:36 GMT" time="44.850" errors="0">
  <testcase name="tc2" time="25.300" classname="org.testNG.FooterTesting"/>
  <testcase name="tc1" time="19.550" classname="org.testNG.FooterTesting"/>
</testsuite> <!-- org.testNG.FooterTesting -->
