<?xml version="1.0" encoding="UTF-8"?>
<!-- Generated by org.testng.reporters.JUnitReportReporter -->
<testsuite hostname="prakash-PC" name="org.testNG.ProductAddToFav" tests="1" failures="0" timestamp="24 Sep 2022 03:07:36 GMT" time="52.039" errors="0">
  <testcase name="favorites" time="52.039" classname="org.testNG.ProductAddToFav"/>
</testsuite> <!-- org.testNG.ProductAddToFav -->
